#-----------------------------------------------------------
# Vivado v2016.1 (64-bit)
# SW Build 1538259 on Fri Apr  8 15:45:27 MDT 2016
# IP Build 1537824 on Fri Apr  8 04:28:57 MDT 2016
# Start of session at: Tue Oct 16 17:01:24 2018
# Process ID: 5828
# Current directory: C:/Users/Caiyujie/Desktop/gongkaike/hls/conv_core/solution1/.autopilot/db/ip_tmp
# Command line: vivado.exe  -notrace -mode batch -source run_vivado.tcl
# Log file: C:/Users/Caiyujie/Desktop/gongkaike/hls/conv_core/solution1/.autopilot/db/ip_tmp/vivado.log
# Journal file: C:/Users/Caiyujie/Desktop/gongkaike/hls/conv_core/solution1/.autopilot/db/ip_tmp\vivado.jou
#-----------------------------------------------------------
source run_vivado.tcl -notrace
INFO: [IP_Flow 19-234] Refreshing IP repositories
INFO: [IP_Flow 19-1704] No user IP repositories specified
INFO: [IP_Flow 19-2313] Loaded Vivado IP repository 'D:/Xilinx/Vivado/2016.1/data/ip'.
INFO: [IP_Flow 19-1686] Generating 'Synthesis' target for IP 'Conv_ap_fadd_3_full_dsp_32'...
INFO: [IP_Flow 19-1686] Generating 'Simulation' target for IP 'Conv_ap_fadd_3_full_dsp_32'...
INFO: [IP_Flow 19-1686] Generating 'Synthesis' target for IP 'Conv_ap_fcmp_0_no_dsp_32'...
INFO: [IP_Flow 19-1686] Generating 'Simulation' target for IP 'Conv_ap_fcmp_0_no_dsp_32'...
INFO: [IP_Flow 19-1686] Generating 'Synthesis' target for IP 'Conv_ap_fmul_2_max_dsp_32'...
INFO: [IP_Flow 19-1686] Generating 'Simulation' target for IP 'Conv_ap_fmul_2_max_dsp_32'...
INFO: [Common 17-206] Exiting Vivado at Tue Oct 16 17:01:34 2018...
