@I [HLS-0] Workspace C:/Users/Caiyujie/Desktop/gongkaike/hls/conv_core/solution1 opened at Tue Oct 16 17:00:42 +0800 2018
@I [HLS-100] Command "config_clock -quiet -name default -period 10 -default=false "
@I [SYN-201] Setting up clock 'default' with a period of 10ns.
@I [HLS-100] Command 'config_clock' returned 0; elapsed 0Total elapsed time: 0.515 sec.
@I [HLS-100] Command "open_platform DefaultPlatform "
@I [HLS-100] Command 'open_platform' returned 0; elapsed 0Total elapsed time: 0.516 sec.
@I [HLS-100] Command "import_lib D:/Xilinx/Vivado_HLS/2016.1/common/technology/xilinx/zynq/zynq "
@I [HLS-100] Command "source D:/Xilinx/Vivado_HLS/2016.1/common/technology/xilinx/common/xilinx.lib "
@I [HLS-100] Command "source D:/Xilinx/Vivado_HLS/2016.1/common/technology/xilinx/interface/xilinx_interface.lib "
@I [HLS-100] Command "source D:/Xilinx/Vivado_HLS/2016.1/common/technology/xilinx/interface/plb46.lib "
@I [HLS-100] Command 'ap_source' returned 0; elapsed 0Total elapsed time: 0.518 sec.
@I [HLS-100] Command "source D:/Xilinx/Vivado_HLS/2016.1/common/technology/xilinx/interface/fsl.lib "
@I [HLS-100] Command 'ap_source' returned 0; elapsed 0.001Total elapsed time: 0.519 sec.
@I [HLS-100] Command "source D:/Xilinx/Vivado_HLS/2016.1/common/technology/xilinx/interface/axi4.lib "
@I [HLS-100] Command 'ap_source' returned 0; elapsed 0Total elapsed time: 0.519 sec.
@I [HLS-100] Command "source D:/Xilinx/Vivado_HLS/2016.1/common/technology/xilinx/interface/maxi.lib "
@I [HLS-100] Command 'ap_source' returned 0; elapsed 0.001Total elapsed time: 0.520 sec.
@I [HLS-100] Command "source D:/Xilinx/Vivado_HLS/2016.1/common/technology/xilinx/interface/saxilite.lib "
@I [HLS-100] Command 'ap_source' returned 0; elapsed 0Total elapsed time: 0.520 sec.
@I [HLS-100] Command 'ap_source' returned 0; elapsed 0.002Total elapsed time: 0.520 sec.
@I [HLS-100] Command "source D:/Xilinx/Vivado_HLS/2016.1/common/technology/xilinx/common/dsp48.lib "
@I [HLS-100] Command 'ap_source' returned 0; elapsed 0Total elapsed time: 0.521 sec.
@I [HLS-100] Command "source D:/Xilinx/Vivado_HLS/2016.1/common/technology/xilinx/ip/dds_compiler.lib "
@I [HLS-100] Command 'ap_source' returned 0; elapsed 0.001Total elapsed time: 0.522 sec.
@I [HLS-100] Command "source D:/Xilinx/Vivado_HLS/2016.1/common/technology/xilinx/ip/xfft.lib "
@I [HLS-100] Command 'ap_source' returned 0; elapsed 0Total elapsed time: 0.522 sec.
@I [HLS-100] Command "source D:/Xilinx/Vivado_HLS/2016.1/common/technology/xilinx/ip/xfir.lib "
@I [HLS-100] Command 'ap_source' returned 0; elapsed 0Total elapsed time: 0.522 sec.
@I [HLS-100] Command 'ap_source' returned 0; elapsed 0.007Total elapsed time: 0.524 sec.
@I [HLS-100] Command "source D:/Xilinx/Vivado_HLS/2016.1/common/technology/xilinx/common/xilinx_old.lib "
@I [HLS-100] Command 'ap_source' returned 0; elapsed 0Total elapsed time: 0.525 sec.
@I [HLS-100] Command "source D:/Xilinx/Vivado_HLS/2016.1/common/technology/xilinx/common/xilinx_vivado.lib "
@I [HLS-100] Command 'ap_source' returned 0; elapsed 0.001Total elapsed time: 0.526 sec.
@I [HLS-100] Command "source D:/Xilinx/Vivado_HLS/2016.1/common/technology/xilinx/common/xilinx.hlp "
@I [HLS-100] Command "source D:/Xilinx/Vivado_HLS/2016.1/common/technology/xilinx/common/target_info.tcl "
@I [HLS-100] Command 'ap_source' returned 0; elapsed 0Total elapsed time: 0.529 sec.
@I [HLS-100] Command "source D:/Xilinx/Vivado_HLS/2016.1/common/technology/xilinx/interface/xilinx_interface.hlp "
@I [HLS-100] Command "source D:/Xilinx/Vivado_HLS/2016.1/common/technology/xilinx/interface/maxi.hlp "
@I [HLS-100] Command 'ap_source' returned 0; elapsed 0Total elapsed time: 0.530 sec.
@I [HLS-100] Command "source D:/Xilinx/Vivado_HLS/2016.1/common/technology/xilinx/interface/saxilite.hlp "
@I [HLS-100] Command 'ap_source' returned 0; elapsed 0Total elapsed time: 0.531 sec.
@I [HLS-100] Command 'ap_source' returned 0; elapsed 0.001Total elapsed time: 0.531 sec.
@I [HLS-100] Command "source D:/Xilinx/Vivado_HLS/2016.1/common/technology/xilinx/common/dsp48.hlp "
@I [HLS-100] Command 'ap_source' returned 0; elapsed 0.001Total elapsed time: 0.532 sec.
@I [HLS-100] Command 'ap_source' returned 0; elapsed 0.005Total elapsed time: 0.533 sec.
@I [HLS-100] Command "source D:/Xilinx/Vivado_HLS/2016.1/common/technology/xilinx/zynq/dsp48e1.hlp "
@I [HLS-100] Command 'ap_source' returned 0; elapsed 0.001Total elapsed time: 0.534 sec.
@I [HLS-100] Command "get_default_platform "
@I [HLS-100] Command 'get_default_platform' returned 0; elapsed 0Total elapsed time: 0.534 sec.
@I [HLS-100] Command "config_chip_info -quiet -resource  {SLICE 13300}  {LUT 53200}     {FF 106400} {DSP48E 220}   {BRAM 280}  "
@I [HLS-100] Command 'config_chip_info' returned 0; elapsed 0Total elapsed time: 0.534 sec.
@I [HLS-100] Command "config_chip_info -quiet -speed medium "
@I [HLS-100] Command 'config_chip_info' returned 0; elapsed 0Total elapsed time: 0.535 sec.
@I [HLS-100] Command 'import_lib' returned 0; elapsed 0.019Total elapsed time: 0.536 sec.
@I [HLS-100] Command "source D:/Xilinx/Vivado_HLS/2016.1/common/technology/xilinx/zynq/zynq.gen "
@I [HLS-100] Command "source D:/Xilinx/Vivado_HLS/2016.1/common/technology/xilinx/common/virtex.gen "
@I [HLS-100] Command "source D:/Xilinx/Vivado_HLS/2016.1/common/technology/xilinx/common/xilinx.gen "
@I [HLS-100] Command "source D:/Xilinx/Vivado_HLS/2016.1/common/technology/xilinx/interface/plb46.gen "
@I [HLS-100] Command 'ap_source' returned 0; elapsed 0.001Total elapsed time: 0.539 sec.
@I [HLS-100] Command "source D:/Xilinx/Vivado_HLS/2016.1/common/technology/xilinx/interface/fsl.gen "
@I [HLS-100] Command 'ap_source' returned 0; elapsed 0Total elapsed time: 0.540 sec.
@I [HLS-100] Command "source D:/Xilinx/Vivado_HLS/2016.1/common/technology/xilinx/interface/axi4.gen "
@I [HLS-100] Command 'ap_source' returned 0; elapsed 0.003Total elapsed time: 0.543 sec.
@I [HLS-100] Command "source D:/Xilinx/Vivado_HLS/2016.1/common/technology/xilinx/interface/nativeAXI4.gen "
@I [HLS-100] Command "source D:/Xilinx/Vivado_HLS/2016.1/common/technology/xilinx/interface/saxilite.gen "
@I [HLS-100] Command 'ap_source' returned 0; elapsed 0.004Total elapsed time: 0.547 sec.
@I [HLS-100] Command "source D:/Xilinx/Vivado_HLS/2016.1/common/technology/xilinx/interface/maxi.gen "
@I [HLS-100] Command 'ap_source' returned 0; elapsed 0.008Total elapsed time: 0.556 sec.
@I [HLS-100] Command 'ap_source' returned 0; elapsed 0.013Total elapsed time: 0.556 sec.
@I [HLS-100] Command "source D:/Xilinx/Vivado_HLS/2016.1/common/technology/xilinx/scripts/xilinxcoregen.gen "
@I [HLS-100] Command 'ap_source' returned 0; elapsed 0.011Total elapsed time: 0.568 sec.
@I [HLS-100] Command "source D:/Xilinx/Vivado_HLS/2016.1/common/technology/xilinx/interface/XilEDKCoreGen.gen "
@I [HLS-100] Command 'ap_source' returned 0; elapsed 0.01Total elapsed time: 0.578 sec.
@I [HLS-100] Command "source D:/Xilinx/Vivado_HLS/2016.1/common/technology/xilinx/ip/dds_compiler.gen "
@I [HLS-100] Command 'ap_source' returned 0; elapsed 0.004Total elapsed time: 0.583 sec.
@I [HLS-100] Command "source D:/Xilinx/Vivado_HLS/2016.1/common/technology/xilinx/ip/util.gen "
@I [HLS-100] Command 'ap_source' returned 0; elapsed 0Total elapsed time: 0.584 sec.
@I [HLS-100] Command "source D:/Xilinx/Vivado_HLS/2016.1/common/technology/xilinx/ip/xfft.gen "
@I [HLS-100] Command 'ap_source' returned 0; elapsed 0.143Total elapsed time: 0.728 sec.
@I [HLS-100] Command "source D:/Xilinx/Vivado_HLS/2016.1/common/technology/xilinx/ip/xfir.gen "
@I [HLS-100] Command 'ap_source' returned 0; elapsed 0Total elapsed time: 0.729 sec.
@I [HLS-100] Command 'ap_source' returned 0; elapsed 0.192Total elapsed time: 0.730 sec.
@I [HLS-100] Command "source D:/Xilinx/Vivado_HLS/2016.1/common/technology/xilinx/common/dsp48.gen "
@I [HLS-100] Command 'ap_source' returned 0; elapsed 0.001Total elapsed time: 0.733 sec.
@I [HLS-100] Command 'ap_source' returned 0; elapsed 0.196Total elapsed time: 0.733 sec.
@I [HLS-100] Command 'ap_source' returned 0; elapsed 0.196Total elapsed time: 0.733 sec.
@I [HLS-100] Command "open_platform DefaultPlatform "
@I [HLS-100] Command 'open_platform' returned 0; elapsed 0Total elapsed time: 0.734 sec.
@I [HLS-100] Command "import_lib D:/Xilinx/Vivado_HLS/2016.1/common/technology/xilinx/zynq/zynq_fpv6 "
@I [HLS-100] Command "source D:/Xilinx/Vivado_HLS/2016.1/common/technology/xilinx/common/xilinx_fpv7.lib "
@I [HLS-100] Command "source D:/Xilinx/Vivado_HLS/2016.1/common/technology/xilinx/common/xilinx_hp.lib "
@I [HLS-100] Command 'ap_source' returned 0; elapsed 0.001Total elapsed time: 0.736 sec.
@I [HLS-100] Command 'ap_source' returned 0; elapsed 0.002Total elapsed time: 0.737 sec.
@I [HLS-100] Command "source D:/Xilinx/Vivado_HLS/2016.1/common/technology/xilinx/common/xilinx_fpv.hlp "
@I [HLS-100] Command "source D:/Xilinx/Vivado_HLS/2016.1/common/technology/xilinx/common/xilinx.hlp "
@I [HLS-100] Command "source D:/Xilinx/Vivado_HLS/2016.1/common/technology/xilinx/common/target_info.tcl "
@I [HLS-100] Command 'ap_source' returned 0; elapsed 0.042Total elapsed time: 0.787 sec.
@I [HLS-100] Command "source D:/Xilinx/Vivado_HLS/2016.1/common/technology/xilinx/interface/xilinx_interface.hlp "
@I [HLS-100] Command "source D:/Xilinx/Vivado_HLS/2016.1/common/technology/xilinx/interface/maxi.hlp "
@I [HLS-100] Command 'ap_source' returned 0; elapsed 0.001Total elapsed time: 0.788 sec.
@I [HLS-100] Command "source D:/Xilinx/Vivado_HLS/2016.1/common/technology/xilinx/interface/saxilite.hlp "
@I [HLS-100] Command 'ap_source' returned 0; elapsed 0Total elapsed time: 0.788 sec.
@I [HLS-100] Command 'ap_source' returned 0; elapsed 0.002Total elapsed time: 0.789 sec.
@I [HLS-100] Command "source D:/Xilinx/Vivado_HLS/2016.1/common/technology/xilinx/common/dsp48.hlp "
@I [HLS-100] Command 'ap_source' returned 0; elapsed 0.001Total elapsed time: 0.790 sec.
@I [HLS-100] Command 'ap_source' returned 0; elapsed 0.047Total elapsed time: 0.791 sec.
@I [HLS-100] Command 'ap_source' returned 0; elapsed 0.048Total elapsed time: 0.791 sec.
@I [HLS-100] Command "source D:/Xilinx/Vivado_HLS/2016.1/common/technology/xilinx/zynq/zynq_hp.hlp "
@I [HLS-100] Command 'ap_source' returned 0; elapsed 0.001Total elapsed time: 0.792 sec.
@I [HLS-100] Command 'import_lib' returned 0; elapsed 0.062Total elapsed time: 0.796 sec.
@I [HLS-100] Command "source D:/Xilinx/Vivado_HLS/2016.1/common/technology/xilinx/zynq/zynq_fpv6.gen "
@I [HLS-100] Command "source D:/Xilinx/Vivado_HLS/2016.1/common/technology/xilinx/common/xilinx_fpv6.gen "
@I [HLS-100] Command 'ap_source' returned 0; elapsed 0.002Total elapsed time: 0.799 sec.
@I [HLS-100] Command 'ap_source' returned 0; elapsed 0.002Total elapsed time: 0.799 sec.
@I [HLS-100] Command "set_part xc7z010clg400-1 "
@I [HLS-100] Command "add_library xilinx/zynq/zynq:xc7z010:clg400:-1 "
@I [HLS-100] Command "get_default_platform "
@I [HLS-100] Command 'get_default_platform' returned 0; elapsed 0Total elapsed time: 0.804 sec.
@I [HLS-100] Command "license_isbetapart xc7z010 "
@I [HLS-100] Command 'license_isbetapart' returned 1; elapsed 0.015Total elapsed time: 0.820 sec.
@I [HLS-100] Command "get_default_platform "
@I [HLS-100] Command 'get_default_platform' returned 0; elapsed 0Total elapsed time: 0.824 sec.
@I [HLS-100] Command "config_chip_info -quiet -resource  {SLICE 4400}   {LUT 17600}     {FF 35200}  {DSP48E 80}    {BRAM 120}  "
@I [HLS-100] Command 'config_chip_info' returned 0; elapsed 0Total elapsed time: 0.825 sec.
@I [HLS-100] Command "config_chip_info -quiet -speed slow "
@I [HLS-100] Command 'config_chip_info' returned 0; elapsed 0Total elapsed time: 0.826 sec.
@I [HLS-100] Command 'add_library' returned 0; elapsed 0.028Total elapsed time: 0.831 sec.
@I [HLS-100] Command "add_library xilinx/zynq/zynq_fpv6 "
@I [HLS-100] Command "get_default_platform "
@I [HLS-100] Command 'get_default_platform' returned 0; elapsed 0Total elapsed time: 0.833 sec.
@I [HLS-100] Command 'add_library' returned 0; elapsed 0.003Total elapsed time: 0.835 sec.
@I [HLS-10] Setting target device to 'xc7z010clg400-1'
@I [HLS-100] Command 'set_part' returned 0; elapsed 0.036Total elapsed time: 0.836 sec.
@I [HLS-100] Command "get_default_platform "
@I [HLS-100] Command 'get_default_platform' returned 0; elapsed 0Total elapsed time: 0.837 sec.
@I [HLS-100] Command "config_chip_info -quiet -resource  {SLICE 4400}   {LUT 17600}     {FF 35200}  {DSP48E 80}    {BRAM 120}  "
@I [HLS-100] Command 'config_chip_info' returned 0; elapsed 0Total elapsed time: 0.837 sec.
@I [HLS-100] Command "config_chip_info -quiet -speed slow "
@I [HLS-100] Command 'config_chip_info' returned 0; elapsed 0Total elapsed time: 0.838 sec.
@I [HLS-100] Command 'open_solution' returned 0; elapsed 0.438Total elapsed time: 0.840 sec.
@I [HLS-100] Command "cosim_design -trace_level port "
@I [HLS-100] Command "source C:/Users/Caiyujie/Desktop/gongkaike/hls/conv_core/solution1/.autopilot/db/global.setting.tcl "
@I [HLS-100] Command 'ap_source' returned 0; elapsed 0.001Total elapsed time: 0.855 sec.
@I [HLS-100] Command "source C:/Users/Caiyujie/Desktop/gongkaike/hls/conv_core/solution1/.autopilot/db/global.setting.tcl "
@I [HLS-100] Command 'ap_source' returned 0; elapsed 0.001Total elapsed time: 0.864 sec.
@I [HLS-100] Command "source C:/Users/Caiyujie/Desktop/gongkaike/hls/conv_core/solution1/.autopilot/db/global.setting.tcl "
@I [HLS-100] Command 'ap_source' returned 0; elapsed 0Total elapsed time: 0.877 sec.
@I [HLS-100] Command "source D:/Xilinx/Vivado_HLS/2016.1/common/technology/generic/autopilot/common.gen "
@I [HLS-100] Command "source D:/Xilinx/Vivado_HLS/2016.1/common/technology/generic/autopilot/APCoreGen.gen "
@I [HLS-100] Command 'ap_source' returned 0; elapsed 0.001Total elapsed time: 0.880 sec.
@I [HLS-100] Command 'ap_source' returned 0; elapsed 0.002Total elapsed time: 0.881 sec.
@I [HLS-100] Command "source D:/Xilinx/Vivado_HLS/2016.1/common/technology/generic/autopilot/op.gen "
@I [HLS-100] Command 'ap_source' returned 0; elapsed 0.001Total elapsed time: 0.882 sec.
@I [HLS-100] Command "source D:/Xilinx/Vivado_HLS/2016.1/common/technology/generic/autopilot/op_simcore.gen "
@I [HLS-100] Command 'ap_source' returned 0; elapsed 0.001Total elapsed time: 0.884 sec.
@I [HLS-100] Command "source D:/Xilinx/Vivado_HLS/2016.1/common/technology/generic/autopilot/interface.gen "
@I [HLS-100] Command 'ap_source' returned 0; elapsed 0Total elapsed time: 0.885 sec.
@I [HLS-100] Command "source C:/Users/Caiyujie/Desktop/gongkaike/hls/conv_core/solution1/.autopilot/db/global.setting.tcl "
@I [HLS-100] Command 'ap_source' returned 0; elapsed 0.001Total elapsed time: 0.886 sec.
@I [HLS-100] Command "source D:/Xilinx/Vivado_HLS/2016.1/common/technology/xilinx/zynq/zynq.gen "
@I [HLS-100] Command "source D:/Xilinx/Vivado_HLS/2016.1/common/technology/xilinx/common/virtex.gen "
@I [HLS-100] Command "source D:/Xilinx/Vivado_HLS/2016.1/common/technology/xilinx/common/xilinx.gen "
@I [HLS-100] Command "source D:/Xilinx/Vivado_HLS/2016.1/common/technology/xilinx/interface/plb46.gen "
@I [HLS-100] Command 'ap_source' returned 0; elapsed 0.002Total elapsed time: 0.889 sec.
@I [HLS-100] Command "source D:/Xilinx/Vivado_HLS/2016.1/common/technology/xilinx/interface/fsl.gen "
@I [HLS-100] Command 'ap_source' returned 0; elapsed 0Total elapsed time: 0.890 sec.
@I [HLS-100] Command "source D:/Xilinx/Vivado_HLS/2016.1/common/technology/xilinx/interface/axi4.gen "
@I [HLS-100] Command 'ap_source' returned 0; elapsed 0.003Total elapsed time: 0.893 sec.
@I [HLS-100] Command "source D:/Xilinx/Vivado_HLS/2016.1/common/technology/xilinx/interface/nativeAXI4.gen "
@I [HLS-100] Command "source D:/Xilinx/Vivado_HLS/2016.1/common/technology/xilinx/interface/saxilite.gen "
@I [HLS-100] Command 'ap_source' returned 0; elapsed 0.004Total elapsed time: 0.897 sec.
@I [HLS-100] Command "source D:/Xilinx/Vivado_HLS/2016.1/common/technology/xilinx/interface/maxi.gen "
@I [HLS-100] Command 'ap_source' returned 0; elapsed 0.008Total elapsed time: 0.905 sec.
@I [HLS-100] Command 'ap_source' returned 0; elapsed 0.013Total elapsed time: 0.906 sec.
@I [HLS-100] Command "source D:/Xilinx/Vivado_HLS/2016.1/common/technology/xilinx/scripts/xilinxcoregen.gen "
@I [HLS-100] Command 'ap_source' returned 0; elapsed 0.013Total elapsed time: 0.919 sec.
@I [HLS-100] Command "source D:/Xilinx/Vivado_HLS/2016.1/common/technology/xilinx/interface/XilEDKCoreGen.gen "
@I [HLS-100] Command 'ap_source' returned 0; elapsed 0.008Total elapsed time: 0.927 sec.
@I [HLS-100] Command "source D:/Xilinx/Vivado_HLS/2016.1/common/technology/xilinx/ip/dds_compiler.gen "
@I [HLS-100] Command 'ap_source' returned 0; elapsed 0.004Total elapsed time: 0.932 sec.
@I [HLS-100] Command "source D:/Xilinx/Vivado_HLS/2016.1/common/technology/xilinx/ip/util.gen "
@I [HLS-100] Command 'ap_source' returned 0; elapsed 0.001Total elapsed time: 0.933 sec.
@I [HLS-100] Command "source D:/Xilinx/Vivado_HLS/2016.1/common/technology/xilinx/ip/xfft.gen "
@I [HLS-100] Command 'ap_source' returned 0; elapsed 0.106Total elapsed time: 1.39 sec.
@I [HLS-100] Command "source D:/Xilinx/Vivado_HLS/2016.1/common/technology/xilinx/ip/xfir.gen "
@I [HLS-100] Command 'ap_source' returned 0; elapsed 0.001Total elapsed time: 1.40 sec.
@I [HLS-100] Command 'ap_source' returned 0; elapsed 0.153Total elapsed time: 1.40 sec.
@I [HLS-100] Command "source D:/Xilinx/Vivado_HLS/2016.1/common/technology/xilinx/common/dsp48.gen "
@I [HLS-100] Command 'ap_source' returned 0; elapsed 0.001Total elapsed time: 1.43 sec.
@I [HLS-100] Command 'ap_source' returned 0; elapsed 0.157Total elapsed time: 1.43 sec.
@I [HLS-100] Command 'ap_source' returned 0; elapsed 0.157Total elapsed time: 1.43 sec.
@I [HLS-100] Command "source D:/Xilinx/Vivado_HLS/2016.1/common/technology/xilinx/zynq/zynq_fpv6.gen "
@I [HLS-100] Command "source D:/Xilinx/Vivado_HLS/2016.1/common/technology/xilinx/common/xilinx_fpv6.gen "
@I [HLS-100] Command 'ap_source' returned 0; elapsed 0.001Total elapsed time: 1.45 sec.
@I [HLS-100] Command 'ap_source' returned 0; elapsed 0.002Total elapsed time: 1.46 sec.
@I [HLS-100] Command "source C:/Users/Caiyujie/Desktop/gongkaike/hls/conv_core/solution1/.autopilot/db/global.setting.tcl "
@I [HLS-100] Command 'ap_source' returned 0; elapsed 0Total elapsed time: 1.78 sec.
@I [HLS-100] Command "source C:/Users/Caiyujie/Desktop/gongkaike/hls/conv_core/solution1/.autopilot/db/Conv.rtl_wrap.cfg.tcl "
@I [HLS-100] Command 'ap_source' returned 0; elapsed 0.001Total elapsed time: 1.81 sec.
@I [HLS-100] Command "source C:/Users/Caiyujie/Desktop/gongkaike/hls/conv_core/solution1/.autopilot/db/Conv.tbgen.tcl "
@I [HLS-100] Command 'ap_source' returned 0; elapsed 0.001Total elapsed time: 1.83 sec.
@I [HLS-100] Command "is_encrypted C:/Users/Caiyujie/Desktop/gongkaike/hls/conv_core/main.cpp "
@I [HLS-100] Command 'is_encrypted' returned 0; elapsed 0.001Total elapsed time: 1.133 sec.
@I [HLS-100] Command "is_encrypted C:/Users/Caiyujie/Desktop/gongkaike/hls/conv_core/conv_core.cpp "
@I [HLS-100] Command 'is_encrypted' returned 0; elapsed 0Total elapsed time: 1.133 sec.
@I [HLS-100] Command "is_encrypted C:/Users/Caiyujie/Desktop/gongkaike/hls/conv_core/conv_core.h "
@I [HLS-100] Command 'is_encrypted' returned 0; elapsed 0Total elapsed time: 1.134 sec.
@I [HLS-100] Command "source C:/Users/Caiyujie/Desktop/gongkaike/hls/conv_core/solution1/.autopilot/db/Conv.tbgen.tcl "
@I [HLS-100] Command 'ap_source' returned 0; elapsed 0.001Total elapsed time: 1.136 sec.
@I [HLS-100] Command "source C:/Users/Caiyujie/Desktop/gongkaike/hls/conv_core/solution1/.autopilot/db/Conv.tbgen.tcl "
@I [HLS-100] Command 'ap_source' returned 0; elapsed 0.001Total elapsed time: 1.137 sec.
@I [COSIM-47] Using XSIM for RTL simulation.
@I [COSIM-14] Instrumenting C test bench ...
@I [HLS-100] Command "source C:/Users/Caiyujie/Desktop/gongkaike/hls/conv_core/solution1/.autopilot/db/Conv.rtl_wrap.cfg.tcl "
@I [HLS-100] Command 'ap_source' returned 0; elapsed 0.002Total elapsed time: 1.730 sec.
@I [HLS-100] Command "source C:/Users/Caiyujie/Desktop/gongkaike/hls/conv_core/solution1/.autopilot/db/Conv.rtl_wrap.cfg.tcl "
@I [HLS-100] Command 'ap_source' returned 0; elapsed 0.002Total elapsed time: 1.733 sec.
@I [HLS-100] Command "source C:/Users/Caiyujie/Desktop/gongkaike/hls/conv_core/solution1/.autopilot/db/Conv.rtl_wrap.cfg.tcl "
@I [HLS-100] Command 'ap_source' returned 0; elapsed 0.1Total elapsed time: 1.834 sec.
@I [HLS-100] Command "source C:/Users/Caiyujie/Desktop/gongkaike/hls/conv_core/solution1/.autopilot/db/Conv.tbgen.tcl "
@I [HLS-100] Command 'ap_source' returned 0; elapsed 0.001Total elapsed time: 1.835 sec.
@I [HLS-100] Command "source C:/Users/Caiyujie/Desktop/gongkaike/hls/conv_core/solution1/.autopilot/db/Conv.tbgen.tcl "
@I [HLS-100] Command 'ap_source' returned 0; elapsed 0Total elapsed time: 1.836 sec.
@W [COSIM-369] AXI_master port 'feature_in' has a depth of '1'. Insufficient depth may result in simulation mismatch or freeze.
@W [COSIM-369] AXI_master port 'W' has a depth of '1'. Insufficient depth may result in simulation mismatch or freeze.
@W [COSIM-369] AXI_master port 'bias' has a depth of '1'. Insufficient depth may result in simulation mismatch or freeze.
@W [COSIM-369] AXI_master port 'feature_out' has a depth of '1'. Insufficient depth may result in simulation mismatch or freeze.
@I [HLS-0] Marker-Pragma convertor: C:/Users/Caiyujie/Desktop/gongkaike/hls/conv_core/solution1/./sim/autowrap/testbench/main.cpp_pre.cpp C:/Users/Caiyujie/Desktop/gongkaike/hls/conv_core/solution1/./sim/autowrap/testbench/main.cpp_pre.cpp.line.cpp ./sim/autowrap/testbench/line.tmp 1
@I [HLS-0] Marker-Pragma convertor: ./sim/autowrap/testbench/main.cpp_pre.cpp.tb.cpp.line ./sim/autowrap/testbench/main.cpp_pre.cpp.tb.cpp ./sim/autowrap/testbench/line.tmp 0
@I [HLS-0] Marker-Pragma convertor: C:/Users/Caiyujie/Desktop/gongkaike/hls/conv_core/solution1/./sim/autowrap/testbench/conv_core.cpp_pre.cpp C:/Users/Caiyujie/Desktop/gongkaike/hls/conv_core/solution1/./sim/autowrap/testbench/conv_core.cpp_pre.cpp.line.cpp ./sim/autowrap/testbench/line.tmp 1
@I [HLS-0] Marker-Pragma convertor: ./sim/autowrap/testbench/conv_core.cpp_pre.cpp.tb.cpp.line ./sim/autowrap/testbench/conv_core.cpp_pre.cpp.tb.cpp ./sim/autowrap/testbench/line.tmp 0
@I [HLS-100] Command "source .run_sim.tcl "
@I [COSIM-302] Starting C TB testing ... 
@I [HLS-100] Command 'ap_source' returned 0; elapsed 0.397Total elapsed time: 40.704 sec.
@I [COSIM-333] Generating C post check test bench ...
@I [COSIM-12] Generating RTL test bench ...
@I [HLS-100] Command "source C:/Users/Caiyujie/Desktop/gongkaike/hls/conv_core/solution1/.autopilot/db/Conv.tbgen.tcl "
@I [HLS-100] Command 'ap_source' returned 0; elapsed 0.001Total elapsed time: 40.850 sec.
@I [HLS-100] Command "source C:/Users/Caiyujie/Desktop/gongkaike/hls/conv_core/solution1/.autopilot/db/Conv.tbgen.tcl "
@I [HLS-100] Command 'ap_source' returned 0; elapsed 0.001Total elapsed time: 40.856 sec.
@I [HLS-100] Command "source C:/Users/Caiyujie/Desktop/gongkaike/hls/conv_core/solution1/.autopilot/db/Conv.tbgen.tcl "
@I [HLS-100] Command 'ap_source' returned 0; elapsed 0.001Total elapsed time: 40.859 sec.
@I [HLS-100] Command "source C:/Users/Caiyujie/Desktop/gongkaike/hls/conv_core/solution1/.autopilot/db/Conv.tbgen.tcl "
@I [HLS-100] Command 'ap_source' returned 0; elapsed 0.001Total elapsed time: 40.860 sec.
@I [HLS-100] Command "source ../tv/cdatafile/ref.tcl "
@I [HLS-100] Command 'ap_source' returned 0; elapsed 0.001Total elapsed time: 40.864 sec.
@I [HLS-100] Command "source C:/Users/Caiyujie/Desktop/gongkaike/hls/conv_core/solution1/.autopilot/db/Conv.tbgen.tcl "
@I [HLS-100] Command 'ap_source' returned 0; elapsed 0Total elapsed time: 40.865 sec.
@I [HLS-100] Command "source C:/Users/Caiyujie/Desktop/gongkaike/hls/conv_core/solution1/.autopilot/db/Conv.tbgen.tcl "
@I [HLS-100] Command 'ap_source' returned 0; elapsed 0.001Total elapsed time: 40.867 sec.
@I [HLS-100] Command "source C:/Users/Caiyujie/Desktop/gongkaike/hls/conv_core/solution1/.autopilot/db/Conv.tbgen.tcl "
@I [HLS-100] Command 'ap_source' returned 0; elapsed 0.001Total elapsed time: 40.869 sec.
@I [HLS-100] Command "source C:/Users/Caiyujie/Desktop/gongkaike/hls/conv_core/solution1/.autopilot/db/Conv.tbgen.tcl "
@I [HLS-100] Command 'ap_source' returned 0; elapsed 0.001Total elapsed time: 40.871 sec.
@I [HLS-100] Command "source C:/Users/Caiyujie/Desktop/gongkaike/hls/conv_core/solution1/.autopilot/db/Conv.tbgen.tcl "
@I [HLS-100] Command 'ap_source' returned 0; elapsed 0.001Total elapsed time: 40.894 sec.
@I [HLS-100] Command "source C:/Users/Caiyujie/Desktop/gongkaike/hls/conv_core/solution1/.autopilot/db/Conv.tbgen.tcl "
@I [HLS-100] Command 'ap_source' returned 0; elapsed 0Total elapsed time: 40.916 sec.
@I [HLS-100] Command "source C:/Users/Caiyujie/Desktop/gongkaike/hls/conv_core/solution1/.autopilot/db/Conv.tbgen.tcl "
@I [HLS-100] Command 'ap_source' returned 0; elapsed 0.001Total elapsed time: 40.936 sec.
@I [HLS-100] Command "source C:/Users/Caiyujie/Desktop/gongkaike/hls/conv_core/solution1/.autopilot/db/Conv.tbgen.tcl "
@I [HLS-100] Command 'ap_source' returned 0; elapsed 0.001Total elapsed time: 40.938 sec.
@I [HLS-100] Command "source C:/Users/Caiyujie/Desktop/gongkaike/hls/conv_core/solution1/.autopilot/db/Conv.tbgen.tcl "
@I [HLS-100] Command 'ap_source' returned 0; elapsed 0.001Total elapsed time: 41.20 sec.
@I [HLS-100] Command "source C:/Users/Caiyujie/Desktop/gongkaike/hls/conv_core/solution1/.autopilot/db/Conv.tbgen.tcl "
@I [HLS-100] Command 'ap_source' returned 0; elapsed 0.001Total elapsed time: 41.86 sec.
@I [HLS-100] Command "source C:/Users/Caiyujie/Desktop/gongkaike/hls/conv_core/solution1/.autopilot/db/Conv.tbgen.tcl "
@I [HLS-100] Command 'ap_source' returned 0; elapsed 0Total elapsed time: 41.91 sec.
@I [HLS-100] Command "source C:/Users/Caiyujie/Desktop/gongkaike/hls/conv_core/solution1/.autopilot/db/Conv.tbgen.tcl "
@I [HLS-100] Command 'ap_source' returned 0; elapsed 0.001Total elapsed time: 41.97 sec.
@I [HLS-100] Command "source C:/Users/Caiyujie/Desktop/gongkaike/hls/conv_core/solution1/.autopilot/db/Conv.tbgen.tcl "
@I [HLS-100] Command 'ap_source' returned 0; elapsed 0Total elapsed time: 41.98 sec.
@I [HLS-100] Command "source C:/Users/Caiyujie/Desktop/gongkaike/hls/conv_core/solution1/.autopilot/db/Conv.tbgen.tcl "
@I [HLS-100] Command 'ap_source' returned 0; elapsed 0.023Total elapsed time: 41.122 sec.
@I [HLS-100] Command "source ../tv/cdatafile/ref.tcl "
@I [HLS-100] Command 'ap_source' returned 0; elapsed 0Total elapsed time: 41.124 sec.
@I [HLS-100] Command "source C:/Users/Caiyujie/Desktop/gongkaike/hls/conv_core/solution1/.autopilot/db/Conv.tbgen.tcl "
@I [HLS-100] Command 'ap_source' returned 0; elapsed 0.001Total elapsed time: 41.126 sec.
@I [HLS-100] Command "source C:/Users/Caiyujie/Desktop/gongkaike/hls/conv_core/solution1/.autopilot/db/Conv.tbgen.tcl "
@I [HLS-100] Command 'ap_source' returned 0; elapsed 0.001Total elapsed time: 41.127 sec.
@I [HLS-100] Command "source C:/Users/Caiyujie/Desktop/gongkaike/hls/conv_core/solution1/.autopilot/db/Conv.tbgen.tcl "
@I [HLS-100] Command 'ap_source' returned 0; elapsed 0Total elapsed time: 41.128 sec.
@I [HLS-100] Command "source C:/Users/Caiyujie/Desktop/gongkaike/hls/conv_core/solution1/.autopilot/db/Conv.tbgen.tcl "
@I [HLS-100] Command 'ap_source' returned 0; elapsed 0.001Total elapsed time: 41.130 sec.
@I [HLS-100] Command "source C:/Users/Caiyujie/Desktop/gongkaike/hls/conv_core/solution1/.autopilot/db/Conv.tbgen.tcl "
@I [HLS-100] Command 'ap_source' returned 0; elapsed 0Total elapsed time: 41.149 sec.
@I [HLS-100] Command "source C:/Users/Caiyujie/Desktop/gongkaike/hls/conv_core/solution1/.autopilot/db/Conv.tbgen.tcl "
@I [HLS-100] Command 'ap_source' returned 0; elapsed 0.001Total elapsed time: 41.169 sec.
@I [HLS-100] Command "source C:/Users/Caiyujie/Desktop/gongkaike/hls/conv_core/solution1/.autopilot/db/Conv.tbgen.tcl "
@I [HLS-100] Command 'ap_source' returned 0; elapsed 0.001Total elapsed time: 41.189 sec.
@I [HLS-100] Command "source C:/Users/Caiyujie/Desktop/gongkaike/hls/conv_core/solution1/.autopilot/db/Conv.tbgen.tcl "
@I [HLS-100] Command 'ap_source' returned 0; elapsed 0.001Total elapsed time: 41.191 sec.
@I [HLS-100] Command "source C:/Users/Caiyujie/Desktop/gongkaike/hls/conv_core/solution1/.autopilot/db/Conv.tbgen.tcl "
@I [HLS-100] Command 'ap_source' returned 0; elapsed 0.001Total elapsed time: 41.247 sec.
@I [HLS-100] Command "source C:/Users/Caiyujie/Desktop/gongkaike/hls/conv_core/solution1/.autopilot/db/Conv.tbgen.tcl "
@I [HLS-100] Command 'ap_source' returned 0; elapsed 0Total elapsed time: 52.142 sec.
@I [HLS-100] Command "source .run_sim.tcl "
@I [HLS-100] Command "source check_sim.tcl "
@I [HLS-100] Command 'ap_source' returned 0; elapsed 0.001Total elapsed time: 52.258 sec.
@I [HLS-100] Command "source .sim.status.tcl "
@I [HLS-100] Command 'ap_source' returned 0; elapsed 0.001Total elapsed time: 52.260 sec.
@I [COSIM-323] Starting verilog simulation. 
@I [COSIM-15] Starting XSIM ...
@E [COSIM-303] Aborting co-simulation: RTL simulation failed.  
@E [COSIM-344] Rtl simulation failed.
@I [HLS-100] Command 'ap_source' returned 1; elapsed 20.378Total elapsed time: 72.634 sec.
@E [COSIM-4] *** C/RTL co-simulation finished: FAIL ***
@I [HLS-100] Command 'cosim_design' returned 2; elapsed 71.811Total elapsed time: 72.651 sec.
@I [HLS-100] Command 'ap_source' returned 1; elapsed 72.258Total elapsed time: 72.652 sec.
could not read "C:/Users/Caiyujie/Desktop/gongkaike/hls/conv_core/solution1/sim/tv/rtldatafile/sim/report/cosim.log": no such file or directory
    while executing
"source C:/Users/Caiyujie/Desktop/gongkaike/hls/conv_core/solution1/cosim.tcl"
    invoked from within
"hls::main C:/Users/Caiyujie/Desktop/gongkaike/hls/conv_core/solution1/cosim.tcl"
    ("uplevel" body line 1)
    invoked from within
"uplevel 1 hls::main {*}$args"
    (procedure "hls_proc" line 5)
    invoked from within
"hls_proc $argv"
@I [HLS-100] Command "cleanup_all "
@I [HLS-100] Command 'cleanup_all' returned 0; elapsed 0.001Total elapsed time: 72.653 sec.
